# 1000 cubes, 100 repetitions.

Profiling results
-----------------
  Total cpu time observed: 6015ms (out of 6209ms)
  Number of samples taken: 107 (once every 56ms)

=============================================================================
                                Caller
 Idx   Total        Self      Name+src                                 Local%
       ms(pct)      ms(pct)     Callee
=============================================================================
 [1] 6015(100.0%)    0(0.0%)  [running body] ...etchbook/racket/quadtree.rkt:##f
                                profile-thunk14 [2]                    100.0%
-----------------------------------------------------------------------------
                                [running body] [1]                     100.0%
 [2] 6015(100.0%)    0(0.0%)  profile-thunk14 ...e/pkgs/profile-lib/main.rkt:9:0
                                for-loop [3]                            96.1%
                                run [4]                                  3.9%
-----------------------------------------------------------------------------
                                profile-thunk14 [2]                    100.0%
 [3] 5778(96.1%)     0(0.0%)  for-loop .../share/pkgs/profile-lib/main.rkt:31:16
                                for-loop [5]                            91.2%
                                tick [6]                                 8.8%
-----------------------------------------------------------------------------
                                profile-thunk14 [2]                    100.0%
 [4]  236(3.9%)      0(0.0%)  run ...v6.1.1/share/pkgs/profile-lib/main.rkt:31:2
                                for-loop [5]                           100.0%
-----------------------------------------------------------------------------
                                run [4]                                  4.3%
                                for-loop [3]                            95.7%
 [5] 5509(91.6%)  1792(29.8%) for-loop ...b/sketchbook/racket/quadtree.rkt:159:2
                                for-loop [7]                            33.0%
                                remove [8]                              28.3%
                                get-candidates method in quadtree% [10]  6.2%
-----------------------------------------------------------------------------
                                for-loop [3]                           100.0%
 [6]  506(8.4%)     56(0.9%)  tick ...itHub/sketchbook/racket/quadtree.rkt:137:0
                                for-loop [9]                            88.9%
-----------------------------------------------------------------------------
                                for-loop [5]                           100.0%
 [7] 1816(30.2%)  1816(30.2%) for-loop ...b/sketchbook/racket/quadtree.rkt:161:6
-----------------------------------------------------------------------------
                                for-loop [5]                           100.0%
 [8] 1561(26.0%)     0(0.0%)  remove ....1/collects/racket/private/list.rkt:59:4
                                loop [11]                              100.0%
-----------------------------------------------------------------------------
                                tick [6]                               100.0%
 [9]  450(7.5%)    172(2.9%)  for-loop ...b/sketchbook/racket/quadtree.rkt:139:2
                                insert method in quadtree% [12]         61.9%
-----------------------------------------------------------------------------
                                get-candidates method in quadtree% [10] 33.5%
                                for-loop [5]                            66.5%
[10]  340(5.7%)    340(5.7%)  get-candidates method in quadtree% ...ree.rkt:78:4
                                get-candidates method in quadtree% [10] 33.5%
-----------------------------------------------------------------------------
                                remove [8]                              13.1%
                                loop [11]                               86.9%
[11] 1561(26.0%)  1561(26.0%) loop ....1.1/collects/racket/private/list.rkt:53:4
                                loop [11]                               86.9%
-----------------------------------------------------------------------------
                                for-loop [9]                           100.0%
[12]  278(4.6%)    106(1.8%)  insert method in quadtree% ...et/quadtree.rkt:64:4
                                loop [13]                               61.8%
-----------------------------------------------------------------------------
                                insert method in quadtree% [12]         42.1%
                                loop [13]                               57.9%
[13]  172(2.9%)    172(2.9%)  loop ....1.1/collects/racket/private/map.rkt:26:19
                                loop [13]                               57.9%
-----------------------------------------------------------------------------
[Finished in 7.6s]