# 200 Blocks, 10000 repetitions.

Profiling results
-----------------
  Total cpu time observed: 34152ms (out of 34366ms)
  Number of samples taken: 605 (once every 56ms)

=============================================================================
                                 Caller
 Idx    Total        Self      Name+src                                Local%
        ms(pct)      ms(pct)     Callee
=============================================================================
 [1] 34152(100.0%)    0(0.0%)  [running body] ...racket/quadtree/quadtree.rkt:##f
                                 profile-thunk14 [2]                   100.0%
-----------------------------------------------------------------------------
                                 [running body] [1]                    100.0%
 [2] 34152(100.0%)    0(0.0%)  profile-thunk14 ...e/pkgs/profile-lib/main.rkt:9:0
                                 for-loop [3]                          100.0%
-----------------------------------------------------------------------------
                                 profile-thunk14 [2]                   100.0%
 [3] 34152(100.0%)  391(1.1%)  for-loop .../share/pkgs/profile-lib/main.rkt:31:16
                                 for-loop [4]                           75.5%
                                 tick [5]                               23.3%
-----------------------------------------------------------------------------
                                 for-loop [3]                          100.0%
 [4] 25797(75.5%)  7118(20.8%) for-loop ...ook/racket/quadtree/quadtree.rkt:160:2
                                 for-loop [6]                           28.0%
                                 remove [7]                             25.9%
                                 get-candidates method in quadtree% [8] 18.6%
-----------------------------------------------------------------------------
                                 for-loop [3]                          100.0%
 [5]  7964(23.3%)  3210(9.4%)  tick ...tchbook/racket/quadtree/quadtree.rkt:138:0
                                 for-loop [9]                           58.3%
                                 loop [12]                               1.4%
-----------------------------------------------------------------------------
                                 for-loop [4]                          100.0%
 [6]  7212(21.1%)  7212(21.1%) for-loop ...ook/racket/quadtree/quadtree.rkt:162:6
-----------------------------------------------------------------------------
                                 for-loop [4]                          100.0%
 [7]  6669(19.5%)  1471(4.3%)  remove ....1/collects/racket/private/list.rkt:59:4
                                 loop [10]                              77.9%
-----------------------------------------------------------------------------
                                 get-candidates method in quadtree% [8] 35.9%
                                 for-loop [4]                           64.1%
 [8]  4798(14.0%)  4798(14.0%) get-candidates method in quadtree% ...ree.rkt:79:4
                                 get-candidates method in quadtree% [8] 35.9%
-----------------------------------------------------------------------------
                                 tick [5]                              100.0%
 [9]  4640(13.6%)  1656(4.8%)  for-loop ...ook/racket/quadtree/quadtree.rkt:140:2
                                 insert method in quadtree% [11]        64.3%
-----------------------------------------------------------------------------
                                 remove [7]                             44.3%
                                 loop [10]                              55.7%
[10]  5198(15.2%)  5198(15.2%) loop ....1.1/collects/racket/private/list.rkt:53:4
                                 loop [10]                              55.7%
-----------------------------------------------------------------------------
                                 for-loop [9]                          100.0%
[11]  2984(8.7%)   2429(7.1%)  insert method in quadtree% ...ee/quadtree.rkt:65:4
                                 loop [13]                              11.1%
                                 loop [12]                               7.5%
-----------------------------------------------------------------------------
                                 tick [5]                               12.7%
                                 loop [12]                              40.4%
                                 insert method in quadtree% [11]        46.9%
[12]   338(1.0%)    338(1.0%)  loop ....1.1/collects/racket/private/map.rkt:26:19
                                 loop [12]                              40.4%
-----------------------------------------------------------------------------
                                 insert method in quadtree% [11]        43.2%
                                 loop [13]                              56.8%
[13]   330(1.0%)    330(1.0%)  loop ...1.1/collects/racket/private/list.rkt:82:16
                                 loop [13]                              56.8%
-----------------------------------------------------------------------------
[Finished in 35.7s]